Login,admin,localhost,Jun-15-2009,13:08:28,
Log Out,admin,localhost,Jun-15-2009,13:14:33,
Login,admin,localhost,Jun-15-2009,13:43:11,
Failed Login,vanderg,localhost,Jun-16-2009,09:57:21,
Login,admin,localhost,Jun-16-2009,09:57:34,
Log Out,admin,localhost,Jun-16-2009,10:15:18,
Login,admin,localhost,Jun-16-2009,11:09:42,
Log Out,admin,localhost,Jun-16-2009,12:12:05,
Login,admin,localhost,Jun-22-2009,12:26:30,
Login,admin,localhost,Jun-23-2009,09:52:08,
Log Out,admin,localhost,Jun-23-2009,09:52:25,
Login,admin,localhost,Jul-21-2009,17:08:35,
Login,admin,localhost,Jul-27-2009,14:46:38,
Login,admin,localhost,Jul-29-2009,12:30:39,
Login,admin,localhost,Jul-31-2009,11:11:09,
Log Out,admin,localhost,Jul-31-2009,11:58:34,
Failed Login,admin,localhost,Aug-04-2009,20:59:14,
Login,vanderg,localhost,Aug-04-2009,20:59:25,
Failed Login,vanderg,localhost,Aug-13-2009,10:48:44,
Login,admin,localhost,Aug-13-2009,10:51:15,
Log Out,admin,localhost,Aug-13-2009,10:53:23,
Failed Login,Testme,localhost,Aug-13-2009,10:53:33,
Failed Login,TestMe,localhost,Aug-13-2009,10:54:09,
Login,admin,localhost,Aug-13-2009,10:54:37,
Log Out,admin,localhost,Aug-13-2009,11:16:10,
Login,test,localhost,Aug-13-2009,11:16:17,
Log Out,test,localhost,Aug-13-2009,12:28:05,
Failed Login,vanderg,localhost,Aug-13-2009,12:28:11,
Login,admin,localhost,Aug-13-2009,12:28:18,
Log Out,admin,localhost,Aug-13-2009,12:44:53,
Login,admin,localhost,Aug-17-2009,12:42:33,
Log Out,admin,localhost,Aug-17-2009,13:59:31,
Login,admin,localhost,Aug-17-2009,14:35:13,
Log Out,admin,localhost,Aug-17-2009,14:44:10,
Login,admin,localhost,Aug-18-2009,10:17:07,
Log Out,admin,localhost,Aug-18-2009,10:23:32,
Login,admin,localhost,Aug-18-2009,17:56:28,
Log Out,admin,localhost,Aug-18-2009,19:12:46,
Login,admin,localhost,Aug-18-2009,19:40:39,
Log Out,admin,localhost,Aug-18-2009,19:56:37,
Login,admin,localhost,Aug-19-2009,09:53:39,
Log Out,admin,localhost,Aug-19-2009,10:46:13,
Login,admin,localhost,Aug-19-2009,21:37:58,
Log Out,admin,localhost,Aug-19-2009,23:46:59,
Login,admin,localhost,Aug-20-2009,20:33:03,
Login,admin,localhost,Aug-20-2009,23:17:25,
Workorder 3 has been deleted ,admin,localhost,Aug-20-2009,23:33:46,
Workorder 4 has been deleted ,admin,localhost,Aug-20-2009,23:53:39,
Login,admin,localhost,Aug-28-2009,12:58:27,
Login,admin,localhost,Aug-31-2009,17:28:43,
Login,admin,localhost,Sep-04-2009,12:49:15,
Log Out,admin,localhost,Sep-04-2009,12:55:43,
Login,admin,localhost,Sep-07-2009,09:15:54,
Login,admin,localhost,Sep-08-2009,10:18:59,
Login,admin,localhost,Sep-08-2009,11:38:38,
Login,admin,localhost,Sep-08-2009,17:21:53,
Login,admin,localhost,Sep-08-2009,17:28:41,
Login,admin,localhost,Sep-08-2009,17:39:30,
Log Out,admin,localhost,Sep-08-2009,18:18:14,
Login,admin,localhost,Sep-09-2009,11:41:14,
Login,admin,localhost,Sep-09-2009,12:21:25,
Log Out,admin,localhost,Sep-09-2009,12:45:17,
Login,admin,localhost,Sep-10-2009,09:24:29,
Login,admin,localhost,Sep-10-2009,10:11:00,
Log Out,admin,localhost,Sep-10-2009,14:00:34,
Login,admin,localhost,Sep-11-2009,08:38:44,
Log Out,admin,localhost,Sep-11-2009,09:24:54,
Login,admin,localhost,Sep-23-2009,16:21:45,
Workorder 2 has been deleted ,admin,localhost,Sep-23-2009,16:22:51,
Workorder 3 has been deleted ,admin,localhost,Sep-23-2009,16:24:45,
Log Out,admin,localhost,Sep-23-2009,17:18:20,
Login,admin,localhost,Sep-23-2009,17:46:08,
Login,admin,localhost,Sep-24-2009,09:38:54,
Log Out,admin,localhost,Sep-24-2009,09:51:50,
Login,admin,localhost,Sep-25-2009,14:34:13,
Login,admin,localhost,Sep-25-2009,14:34:46,
Log Out,admin,localhost,Sep-25-2009,14:39:47,
