::1,jon.brown,[07/Aug/2017:12:39:06 +0100]

Failed to authenticate on SMTP server with username "jon@@lancastrian-it.co.uk" using 2 possible authenticators

-----------------------------------------------------------------------------

::1,jon.brown,[07/Aug/2017:12:40:01 +0100]

Address in mailbox given [jon@@lancastrian-it.co.uk] does not comply with RFC 2822, 3.6.2.

-----------------------------------------------------------------------------

::1,jon.brown,[07/Aug/2017:12:41:11 +0100]

Connection could not be established with host ruk6.dizinc.com [php_network_getaddresses: getaddrinfo failed: No such host is known.  #0]
Log data:
++ Starting Swift_SmtpTransport
!! Connection could not be established with host ruk6.dizinc.com [php_network_getaddresses: getaddrinfo failed: No such host is known.  #0] (code: 0)

-----------------------------------------------------------------------------

::1,jon.brown,[07/Aug/2017:12:51:43 +0100]

Failed to authenticate on SMTP server with username "jon@lancastrian-it.co.uk" using 2 possible authenticators

-----------------------------------------------------------------------------

::1,jon.brown,[07/Aug/2017:12:53:51 +0100]

Failed to authenticate on SMTP server with username "jon@lancastrian-it.co.uk" using 2 possible authenticators

-----------------------------------------------------------------------------

::1,jon.brown,[07/Aug/2017:12:57:56 +0100]

Failed to authenticate on SMTP server with username "jon@lancastrian-it.co.uk" using 2 possible authenticators

-----------------------------------------------------------------------------

